Using pre-set license
Built from '2020.3/release' branch; Version is '2020.3.2f1 (8fd9074bf66c) revision 9427207'; Using compiler version '192528614'; Build Type 'Release'
OS: 'Windows 10 Home; OS build 19042.985; Version 2009; 64bit' Language: 'pt' Physical Memory: 16328 MB
BatchMode: 1, IsHumanControllingUs: 0, StartBugReporterOnCrash: 0, Is64bit: 1, IsPro: 0

 COMMAND LINE ARGUMENTS:
C:\Program Files\Unity\Hub\Editor\2020.3.2f1\Editor\Unity.exe
-adb2
-batchMode
-noUpm
-name
AssetImportWorker0
-projectPath
C:/Users/Yarego Brozek/Desktop/GIthub/SurvivorMode/SurvivorMode
-logFile
Logs/AssetImportWorker0.log
-srvPort
50501
Successfully changed project path to: C:/Users/Yarego Brozek/Desktop/GIthub/SurvivorMode/SurvivorMode
C:/Users/Yarego Brozek/Desktop/GIthub/SurvivorMode/SurvivorMode
Using Asset Import Pipeline V2.
Refreshing native plugins compatible for Editor in 30.17 ms, found 0 plugins.
Preloading 0 native plugins for Editor in 0.00 ms.
Initialize engine version: 2020.3.2f1 (8fd9074bf66c)
[Subsystems] Discovering subsystems at path C:/Program Files/Unity/Hub/Editor/2020.3.2f1/Editor/Data/Resources/UnitySubsystems
[Subsystems] Discovering subsystems at path C:/Users/Yarego Brozek/Desktop/GIthub/SurvivorMode/SurvivorMode/Assets
GfxDevice: creating device client; threaded=0
Direct3D:
    Version:  Direct3D 11.0 [level 11.1]
    Renderer: Radeon RX550/550 Series (ID=0x699f)
    Vendor:   
    VRAM:     2028 MB
    Driver:   27.20.21002.112
Initialize mono
Mono path[0] = 'C:/Program Files/Unity/Hub/Editor/2020.3.2f1/Editor/Data/Managed'
Mono path[1] = 'C:/Program Files/Unity/Hub/Editor/2020.3.2f1/Editor/Data/MonoBleedingEdge/lib/mono/unityjit'
Mono config path = 'C:/Program Files/Unity/Hub/Editor/2020.3.2f1/Editor/Data/MonoBleedingEdge/etc'
Using monoOptions --debugger-agent=transport=dt_socket,embedding=1,server=y,suspend=n,address=127.0.0.1:56908
Begin MonoManager ReloadAssembly
Registering precompiled unity dll's ...
Register platform support module: C:/Program Files/Unity/Hub/Editor/2020.3.2f1/Editor/Data/PlaybackEngines/WebGLSupport/UnityEditor.WebGL.Extensions.dll
Register platform support module: C:/Program Files/Unity/Hub/Editor/2020.3.2f1/Editor/Data/PlaybackEngines/WindowsStandaloneSupport/UnityEditor.WindowsStandalone.Extensions.dll
Registered in 0.007239 seconds.
Native extension for WindowsStandalone target not found
Native extension for WebGL target not found
Refreshing native plugins compatible for Editor in 43.44 ms, found 0 plugins.
Preloading 0 native plugins for Editor in 0.00 ms.
Invoked RoslynAnalysisRunner static constructor.
RoslynAnalysisRunner will not be running.
RoslynAnalysisRunner has terminated.
Mono: successfully reloaded assembly
- Completed reload, in  1.576 seconds
Platform modules already initialized, skipping
Registering precompiled user dll's ...
Registered in 0.000908 seconds.
Begin MonoManager ReloadAssembly
Native extension for WindowsStandalone target not found
Native extension for WebGL target not found
Refreshing native plugins compatible for Editor in 0.26 ms, found 0 plugins.
Preloading 0 native plugins for Editor in 0.00 ms.
Invoked RoslynAnalysisRunner static constructor.
RoslynAnalysisRunner will not be running.
RoslynAnalysisRunner has terminated.
Mono: successfully reloaded assembly
- Completed reload, in  0.794 seconds
Platform modules already initialized, skipping
========================================================================
Worker process is ready to serve import requests
Launched and connected shader compiler UnityShaderCompiler.exe after 0.05 seconds
Refreshing native plugins compatible for Editor in 0.26 ms, found 0 plugins.
Preloading 0 native plugins for Editor in 0.00 ms.
Unloading 1426 Unused Serialized files (Serialized files now loaded: 0)
System memory in use before: 73.1 MB.
System memory in use after: 73.2 MB.

Unloading 9 unused Assets to reduce memory usage. Loaded Objects now: 1870.
Total: 1.737100 ms (FindLiveObjects: 0.164100 ms CreateObjectMapping: 0.104400 ms MarkObjects: 1.409900 ms  DeleteObjects: 0.057900 ms)

========================================================================
Received Import Request.
  path: Assets/C# scripts/UIController.cs
  artifactKey: Guid(e941a0e3db9e2724fa66761c19fff390) Importer(815301076,1909f56bfc062723c751e8b465ee728b)
Start importing Assets/C# scripts/UIController.cs using Guid(e941a0e3db9e2724fa66761c19fff390) Importer(815301076,1909f56bfc062723c751e8b465ee728b)  -> (artifact id: '964e7a8f0e2b07ad299225bc13b201af') in 0.032823 seconds
  Import took 0.035056 seconds .

========================================================================
Received Import Request.
  Time since last request: 365.249274 seconds.
  path: Assets/C# scripts/UIController.cs
  artifactKey: Guid(e941a0e3db9e2724fa66761c19fff390) Importer(815301076,1909f56bfc062723c751e8b465ee728b)
Start importing Assets/C# scripts/UIController.cs using Guid(e941a0e3db9e2724fa66761c19fff390) Importer(815301076,1909f56bfc062723c751e8b465ee728b)  -> (artifact id: '6e653c15ab50fba04510fe08de1886f6') in 0.002585 seconds
  Import took 0.004965 seconds .

========================================================================
Received Import Request.
  Time since last request: 0.003608 seconds.
  path: Assets/C# scripts/UIController.cs
  artifactKey: Guid(e941a0e3db9e2724fa66761c19fff390) Importer(815301076,1909f56bfc062723c751e8b465ee728b)
Start importing Assets/C# scripts/UIController.cs using Guid(e941a0e3db9e2724fa66761c19fff390) Importer(815301076,1909f56bfc062723c751e8b465ee728b)  -> (artifact id: '6e653c15ab50fba04510fe08de1886f6') in 0.004836 seconds
  Import took 0.008018 seconds .

========================================================================
Received Prepare
Registering precompiled user dll's ...
Registered in 0.000704 seconds.
Begin MonoManager ReloadAssembly
Native extension for WindowsStandalone target not found
Native extension for WebGL target not found
Refreshing native plugins compatible for Editor in 0.30 ms, found 0 plugins.
Preloading 0 native plugins for Editor in 0.00 ms.
Invoked RoslynAnalysisRunner static constructor.
RoslynAnalysisRunner will not be running.
RoslynAnalysisRunner has terminated.
Mono: successfully reloaded assembly
- Completed reload, in  0.712 seconds
Platform modules already initialized, skipping
Refreshing native plugins compatible for Editor in 0.25 ms, found 0 plugins.
Preloading 0 native plugins for Editor in 0.00 ms.
Unloading 1419 Unused Serialized files (Serialized files now loaded: 0)
System memory in use before: 72.9 MB.
System memory in use after: 73.0 MB.

Unloading 4 unused Assets to reduce memory usage. Loaded Objects now: 1873.
Total: 1.541900 ms (FindLiveObjects: 0.219300 ms CreateObjectMapping: 0.066000 ms MarkObjects: 1.243300 ms  DeleteObjects: 0.012400 ms)

========================================================================
Received Prepare
Registering precompiled user dll's ...
Registered in 0.000637 seconds.
Begin MonoManager ReloadAssembly
Native extension for WindowsStandalone target not found
Native extension for WebGL target not found
Refreshing native plugins compatible for Editor in 0.27 ms, found 0 plugins.
Preloading 0 native plugins for Editor in 0.00 ms.
Invoked RoslynAnalysisRunner static constructor.
RoslynAnalysisRunner will not be running.
RoslynAnalysisRunner has terminated.
Mono: successfully reloaded assembly
- Completed reload, in  0.783 seconds
Platform modules already initialized, skipping
Refreshing native plugins compatible for Editor in 0.26 ms, found 0 plugins.
Preloading 0 native plugins for Editor in 0.00 ms.
Unloading 1419 Unused Serialized files (Serialized files now loaded: 0)
System memory in use before: 72.9 MB.
System memory in use after: 73.0 MB.

Unloading 4 unused Assets to reduce memory usage. Loaded Objects now: 1876.
Total: 1.412700 ms (FindLiveObjects: 0.146600 ms CreateObjectMapping: 0.045700 ms MarkObjects: 1.207200 ms  DeleteObjects: 0.012000 ms)

========================================================================
Received Prepare
Registering precompiled user dll's ...
Registered in 0.000684 seconds.
Begin MonoManager ReloadAssembly
Native extension for WindowsStandalone target not found
Native extension for WebGL target not found
Refreshing native plugins compatible for Editor in 0.26 ms, found 0 plugins.
Preloading 0 native plugins for Editor in 0.00 ms.
Invoked RoslynAnalysisRunner static constructor.
RoslynAnalysisRunner will not be running.
RoslynAnalysisRunner has terminated.
Mono: successfully reloaded assembly
- Completed reload, in  0.899 seconds
Platform modules already initialized, skipping
Refreshing native plugins compatible for Editor in 0.25 ms, found 0 plugins.
Preloading 0 native plugins for Editor in 0.00 ms.
Unloading 1419 Unused Serialized files (Serialized files now loaded: 0)
System memory in use before: 72.9 MB.
System memory in use after: 73.0 MB.

Unloading 4 unused Assets to reduce memory usage. Loaded Objects now: 1879.
Total: 1.467400 ms (FindLiveObjects: 0.125500 ms CreateObjectMapping: 0.036900 ms MarkObjects: 1.293800 ms  DeleteObjects: 0.010200 ms)

========================================================================
Received Import Request.
  Time since last request: 121.488065 seconds.
  path: Assets/Zumbi.prefab
  artifactKey: Guid(84acb519facfa0744b867f85cca0c7ca) Importer(815301076,1909f56bfc062723c751e8b465ee728b)
Start importing Assets/Zumbi.prefab using Guid(84acb519facfa0744b867f85cca0c7ca) Importer(815301076,1909f56bfc062723c751e8b465ee728b)  -> (artifact id: '6d144fef041f82c113ab0f81a1639ac4') in 0.035961 seconds
  Import took 0.038430 seconds .

========================================================================
Received Prepare
Registering precompiled user dll's ...
Registered in 0.000658 seconds.
Begin MonoManager ReloadAssembly
Native extension for WindowsStandalone target not found
Native extension for WebGL target not found
Refreshing native plugins compatible for Editor in 0.27 ms, found 0 plugins.
Preloading 0 native plugins for Editor in 0.00 ms.
Invoked RoslynAnalysisRunner static constructor.
RoslynAnalysisRunner will not be running.
RoslynAnalysisRunner has terminated.
Mono: successfully reloaded assembly
- Completed reload, in  1.155 seconds
Platform modules already initialized, skipping
Refreshing native plugins compatible for Editor in 0.26 ms, found 0 plugins.
Preloading 0 native plugins for Editor in 0.00 ms.
Unloading 1419 Unused Serialized files (Serialized files now loaded: 0)
System memory in use before: 73.0 MB.
System memory in use after: 73.1 MB.

Unloading 4 unused Assets to reduce memory usage. Loaded Objects now: 1882.
Total: 1.319500 ms (FindLiveObjects: 0.129400 ms CreateObjectMapping: 0.039800 ms MarkObjects: 1.138200 ms  DeleteObjects: 0.011200 ms)

========================================================================
Received Prepare
Registering precompiled user dll's ...
Registered in 0.000702 seconds.
Begin MonoManager ReloadAssembly
Native extension for WindowsStandalone target not found
Native extension for WebGL target not found
Refreshing native plugins compatible for Editor in 0.25 ms, found 0 plugins.
Preloading 0 native plugins for Editor in 0.00 ms.
Invoked RoslynAnalysisRunner static constructor.
RoslynAnalysisRunner will not be running.
RoslynAnalysisRunner has terminated.
Mono: successfully reloaded assembly
- Completed reload, in  0.903 seconds
Platform modules already initialized, skipping
Refreshing native plugins compatible for Editor in 0.25 ms, found 0 plugins.
Preloading 0 native plugins for Editor in 0.00 ms.
Unloading 1419 Unused Serialized files (Serialized files now loaded: 0)
System memory in use before: 73.0 MB.
System memory in use after: 73.1 MB.

Unloading 4 unused Assets to reduce memory usage. Loaded Objects now: 1885.
Total: 1.478800 ms (FindLiveObjects: 0.131300 ms CreateObjectMapping: 0.044500 ms MarkObjects: 1.288400 ms  DeleteObjects: 0.013400 ms)

========================================================================
Received Prepare
Registering precompiled user dll's ...
Registered in 0.000678 seconds.
Begin MonoManager ReloadAssembly
Native extension for WindowsStandalone target not found
Native extension for WebGL target not found
Refreshing native plugins compatible for Editor in 0.50 ms, found 0 plugins.
Preloading 0 native plugins for Editor in 0.00 ms.
Invoked RoslynAnalysisRunner static constructor.
RoslynAnalysisRunner will not be running.
RoslynAnalysisRunner has terminated.
Mono: successfully reloaded assembly
- Completed reload, in  0.714 seconds
Platform modules already initialized, skipping
Refreshing native plugins compatible for Editor in 0.25 ms, found 0 plugins.
Preloading 0 native plugins for Editor in 0.00 ms.
Unloading 1419 Unused Serialized files (Serialized files now loaded: 0)
System memory in use before: 73.0 MB.
System memory in use after: 73.1 MB.

Unloading 4 unused Assets to reduce memory usage. Loaded Objects now: 1888.
Total: 1.353100 ms (FindLiveObjects: 0.141200 ms CreateObjectMapping: 0.042500 ms MarkObjects: 1.157100 ms  DeleteObjects: 0.011100 ms)

========================================================================
Received Prepare
Registering precompiled user dll's ...
Registered in 0.000647 seconds.
Begin MonoManager ReloadAssembly
Native extension for WindowsStandalone target not found
Native extension for WebGL target not found
Refreshing native plugins compatible for Editor in 0.28 ms, found 0 plugins.
Preloading 0 native plugins for Editor in 0.00 ms.
Invoked RoslynAnalysisRunner static constructor.
RoslynAnalysisRunner will not be running.
RoslynAnalysisRunner has terminated.
Mono: successfully reloaded assembly
- Completed reload, in  1.147 seconds
Platform modules already initialized, skipping
Refreshing native plugins compatible for Editor in 0.28 ms, found 0 plugins.
Preloading 0 native plugins for Editor in 0.00 ms.
Unloading 1419 Unused Serialized files (Serialized files now loaded: 0)
System memory in use before: 73.0 MB.
System memory in use after: 73.1 MB.

Unloading 4 unused Assets to reduce memory usage. Loaded Objects now: 1891.
Total: 5.885900 ms (FindLiveObjects: 0.413100 ms CreateObjectMapping: 0.179000 ms MarkObjects: 5.242800 ms  DeleteObjects: 0.047000 ms)

========================================================================
Received Prepare
Registering precompiled user dll's ...
Registered in 0.000722 seconds.
Begin MonoManager ReloadAssembly
Native extension for WindowsStandalone target not found
Native extension for WebGL target not found
Refreshing native plugins compatible for Editor in 0.29 ms, found 0 plugins.
Preloading 0 native plugins for Editor in 0.00 ms.
Invoked RoslynAnalysisRunner static constructor.
RoslynAnalysisRunner will not be running.
RoslynAnalysisRunner has terminated.
Mono: successfully reloaded assembly
- Completed reload, in  0.907 seconds
Platform modules already initialized, skipping
Refreshing native plugins compatible for Editor in 0.26 ms, found 0 plugins.
Preloading 0 native plugins for Editor in 0.00 ms.
Unloading 1419 Unused Serialized files (Serialized files now loaded: 0)
System memory in use before: 73.0 MB.
System memory in use after: 73.1 MB.

Unloading 4 unused Assets to reduce memory usage. Loaded Objects now: 1894.
Total: 1.355500 ms (FindLiveObjects: 0.141800 ms CreateObjectMapping: 0.040100 ms MarkObjects: 1.160600 ms  DeleteObjects: 0.011700 ms)

========================================================================
Received Prepare
Registering precompiled user dll's ...
Registered in 0.000720 seconds.
Begin MonoManager ReloadAssembly
Native extension for WindowsStandalone target not found
Native extension for WebGL target not found
Refreshing native plugins compatible for Editor in 0.30 ms, found 0 plugins.
Preloading 0 native plugins for Editor in 0.00 ms.
Invoked RoslynAnalysisRunner static constructor.
RoslynAnalysisRunner will not be running.
RoslynAnalysisRunner has terminated.
Mono: successfully reloaded assembly
- Completed reload, in  0.705 seconds
Platform modules already initialized, skipping
Refreshing native plugins compatible for Editor in 0.26 ms, found 0 plugins.
Preloading 0 native plugins for Editor in 0.00 ms.
Unloading 1419 Unused Serialized files (Serialized files now loaded: 0)
System memory in use before: 73.0 MB.
System memory in use after: 73.1 MB.

Unloading 4 unused Assets to reduce memory usage. Loaded Objects now: 1897.
Total: 1.296500 ms (FindLiveObjects: 0.132300 ms CreateObjectMapping: 0.042000 ms MarkObjects: 1.110000 ms  DeleteObjects: 0.010800 ms)

========================================================================
Received Prepare
Registering precompiled user dll's ...
Registered in 0.000651 seconds.
Begin MonoManager ReloadAssembly
Native extension for WindowsStandalone target not found
Native extension for WebGL target not found
Refreshing native plugins compatible for Editor in 0.26 ms, found 0 plugins.
Preloading 0 native plugins for Editor in 0.00 ms.
Invoked RoslynAnalysisRunner static constructor.
RoslynAnalysisRunner will not be running.
RoslynAnalysisRunner has terminated.
Mono: successfully reloaded assembly
- Completed reload, in  0.735 seconds
Platform modules already initialized, skipping
Refreshing native plugins compatible for Editor in 0.25 ms, found 0 plugins.
Preloading 0 native plugins for Editor in 0.00 ms.
Unloading 1419 Unused Serialized files (Serialized files now loaded: 0)
System memory in use before: 73.0 MB.
System memory in use after: 73.1 MB.

Unloading 4 unused Assets to reduce memory usage. Loaded Objects now: 1900.
Total: 2.012800 ms (FindLiveObjects: 0.275900 ms CreateObjectMapping: 0.064700 ms MarkObjects: 1.660300 ms  DeleteObjects: 0.011100 ms)

========================================================================
Received Prepare
Registering precompiled user dll's ...
Registered in 0.000687 seconds.
Begin MonoManager ReloadAssembly
Native extension for WindowsStandalone target not found
Native extension for WebGL target not found
Refreshing native plugins compatible for Editor in 0.30 ms, found 0 plugins.
Preloading 0 native plugins for Editor in 0.00 ms.
Invoked RoslynAnalysisRunner static constructor.
RoslynAnalysisRunner will not be running.
RoslynAnalysisRunner has terminated.
Mono: successfully reloaded assembly
- Completed reload, in  0.948 seconds
Platform modules already initialized, skipping
Refreshing native plugins compatible for Editor in 0.27 ms, found 0 plugins.
Preloading 0 native plugins for Editor in 0.00 ms.
Unloading 1419 Unused Serialized files (Serialized files now loaded: 0)
System memory in use before: 73.0 MB.
System memory in use after: 73.1 MB.

Unloading 4 unused Assets to reduce memory usage. Loaded Objects now: 1903.
Total: 1.481600 ms (FindLiveObjects: 0.133000 ms CreateObjectMapping: 0.039100 ms MarkObjects: 1.296700 ms  DeleteObjects: 0.011500 ms)

========================================================================
Received Prepare
Registering precompiled user dll's ...
Registered in 0.000639 seconds.
Begin MonoManager ReloadAssembly
Native extension for WindowsStandalone target not found
Native extension for WebGL target not found
Refreshing native plugins compatible for Editor in 0.25 ms, found 0 plugins.
Preloading 0 native plugins for Editor in 0.00 ms.
Invoked RoslynAnalysisRunner static constructor.
RoslynAnalysisRunner will not be running.
RoslynAnalysisRunner has terminated.
Mono: successfully reloaded assembly
- Completed reload, in  0.718 seconds
Platform modules already initialized, skipping
Refreshing native plugins compatible for Editor in 0.32 ms, found 0 plugins.
Preloading 0 native plugins for Editor in 0.00 ms.
Unloading 1419 Unused Serialized files (Serialized files now loaded: 0)
System memory in use before: 73.0 MB.
System memory in use after: 73.1 MB.

Unloading 4 unused Assets to reduce memory usage. Loaded Objects now: 1906.
Total: 1.671400 ms (FindLiveObjects: 0.187800 ms CreateObjectMapping: 0.047700 ms MarkObjects: 1.424900 ms  DeleteObjects: 0.009900 ms)

========================================================================
Received Prepare
Registering precompiled user dll's ...
Registered in 0.000735 seconds.
Begin MonoManager ReloadAssembly
Native extension for WindowsStandalone target not found
Native extension for WebGL target not found
Refreshing native plugins compatible for Editor in 0.26 ms, found 0 plugins.
Preloading 0 native plugins for Editor in 0.00 ms.
Invoked RoslynAnalysisRunner static constructor.
RoslynAnalysisRunner will not be running.
RoslynAnalysisRunner has terminated.
Mono: successfully reloaded assembly
- Completed reload, in  0.695 seconds
Platform modules already initialized, skipping
Refreshing native plugins compatible for Editor in 0.25 ms, found 0 plugins.
Preloading 0 native plugins for Editor in 0.00 ms.
Unloading 1419 Unused Serialized files (Serialized files now loaded: 0)
System memory in use before: 73.0 MB.
System memory in use after: 73.1 MB.

Unloading 4 unused Assets to reduce memory usage. Loaded Objects now: 1909.
Total: 3.612200 ms (FindLiveObjects: 0.135700 ms CreateObjectMapping: 0.153700 ms MarkObjects: 3.304600 ms  DeleteObjects: 0.017000 ms)

========================================================================
Received Prepare
Registering precompiled user dll's ...
Registered in 0.000687 seconds.
Begin MonoManager ReloadAssembly
Native extension for WindowsStandalone target not found
Native extension for WebGL target not found
Refreshing native plugins compatible for Editor in 0.29 ms, found 0 plugins.
Preloading 0 native plugins for Editor in 0.00 ms.
Invoked RoslynAnalysisRunner static constructor.
RoslynAnalysisRunner will not be running.
RoslynAnalysisRunner has terminated.
Mono: successfully reloaded assembly
- Completed reload, in  0.751 seconds
Platform modules already initialized, skipping
Refreshing native plugins compatible for Editor in 0.26 ms, found 0 plugins.
Preloading 0 native plugins for Editor in 0.00 ms.
Unloading 1419 Unused Serialized files (Serialized files now loaded: 0)
System memory in use before: 73.0 MB.
System memory in use after: 73.1 MB.

Unloading 4 unused Assets to reduce memory usage. Loaded Objects now: 1912.
Total: 1.822200 ms (FindLiveObjects: 0.216200 ms CreateObjectMapping: 0.070000 ms MarkObjects: 1.520300 ms  DeleteObjects: 0.014600 ms)

========================================================================
Received Prepare
Registering precompiled user dll's ...
Registered in 0.000690 seconds.
Begin MonoManager ReloadAssembly
Native extension for WindowsStandalone target not found
Native extension for WebGL target not found
Refreshing native plugins compatible for Editor in 0.26 ms, found 0 plugins.
Preloading 0 native plugins for Editor in 0.00 ms.
Invoked RoslynAnalysisRunner static constructor.
RoslynAnalysisRunner will not be running.
RoslynAnalysisRunner has terminated.
Mono: successfully reloaded assembly
- Completed reload, in  0.739 seconds
Platform modules already initialized, skipping
Refreshing native plugins compatible for Editor in 0.30 ms, found 0 plugins.
Preloading 0 native plugins for Editor in 0.00 ms.
Unloading 1419 Unused Serialized files (Serialized files now loaded: 0)
System memory in use before: 73.0 MB.
System memory in use after: 73.1 MB.

Unloading 4 unused Assets to reduce memory usage. Loaded Objects now: 1915.
Total: 1.617500 ms (FindLiveObjects: 0.147200 ms CreateObjectMapping: 0.042600 ms MarkObjects: 1.383100 ms  DeleteObjects: 0.043600 ms)

========================================================================
Received Prepare
Registering precompiled user dll's ...
Registered in 0.001755 seconds.
Begin MonoManager ReloadAssembly
Native extension for WindowsStandalone target not found
Native extension for WebGL target not found
Refreshing native plugins compatible for Editor in 0.26 ms, found 0 plugins.
Preloading 0 native plugins for Editor in 0.00 ms.
Invoked RoslynAnalysisRunner static constructor.
RoslynAnalysisRunner will not be running.
RoslynAnalysisRunner has terminated.
Mono: successfully reloaded assembly
- Completed reload, in  0.718 seconds
Platform modules already initialized, skipping
Refreshing native plugins compatible for Editor in 0.25 ms, found 0 plugins.
Preloading 0 native plugins for Editor in 0.00 ms.
Unloading 1419 Unused Serialized files (Serialized files now loaded: 0)
System memory in use before: 73.0 MB.
System memory in use after: 73.1 MB.

Unloading 4 unused Assets to reduce memory usage. Loaded Objects now: 1918.
Total: 6.505700 ms (FindLiveObjects: 0.413800 ms CreateObjectMapping: 0.163100 ms MarkObjects: 5.885000 ms  DeleteObjects: 0.040100 ms)

========================================================================
Received Prepare
Registering precompiled user dll's ...
Registered in 0.000692 seconds.
Begin MonoManager ReloadAssembly
Native extension for WindowsStandalone target not found
Native extension for WebGL target not found
Refreshing native plugins compatible for Editor in 0.25 ms, found 0 plugins.
Preloading 0 native plugins for Editor in 0.00 ms.
Invoked RoslynAnalysisRunner static constructor.
RoslynAnalysisRunner will not be running.
RoslynAnalysisRunner has terminated.
Mono: successfully reloaded assembly
- Completed reload, in  0.720 seconds
Platform modules already initialized, skipping
Refreshing native plugins compatible for Editor in 0.25 ms, found 0 plugins.
Preloading 0 native plugins for Editor in 0.00 ms.
Unloading 1419 Unused Serialized files (Serialized files now loaded: 0)
System memory in use before: 73.0 MB.
System memory in use after: 73.2 MB.

Unloading 4 unused Assets to reduce memory usage. Loaded Objects now: 1921.
Total: 1.533700 ms (FindLiveObjects: 0.143800 ms CreateObjectMapping: 0.041900 ms MarkObjects: 1.332400 ms  DeleteObjects: 0.014300 ms)

========================================================================
Received Import Request.
  Time since last request: 1756.144534 seconds.
  path: Assets/Samples/Interface/Caveira.png
  artifactKey: Guid(ccd82342a0dca2a49825492d41fd0e5d) Importer(815301076,1909f56bfc062723c751e8b465ee728b)
Start importing Assets/Samples/Interface/Caveira.png using Guid(ccd82342a0dca2a49825492d41fd0e5d) Importer(815301076,1909f56bfc062723c751e8b465ee728b)  -> (artifact id: 'e015e5fd8e378152d060bb722186c275') in 0.079283 seconds
  Import took 0.081362 seconds .

========================================================================
Received Prepare
Registering precompiled user dll's ...
Registered in 0.000677 seconds.
Begin MonoManager ReloadAssembly
Native extension for WindowsStandalone target not found
Native extension for WebGL target not found
Refreshing native plugins compatible for Editor in 0.28 ms, found 0 plugins.
Preloading 0 native plugins for Editor in 0.00 ms.
Invoked RoslynAnalysisRunner static constructor.
RoslynAnalysisRunner will not be running.
RoslynAnalysisRunner has terminated.
Mono: successfully reloaded assembly
- Completed reload, in  0.839 seconds
Platform modules already initialized, skipping
Refreshing native plugins compatible for Editor in 0.26 ms, found 0 plugins.
Preloading 0 native plugins for Editor in 0.00 ms.
Unloading 1419 Unused Serialized files (Serialized files now loaded: 0)
System memory in use before: 73.1 MB.
System memory in use after: 73.2 MB.

Unloading 4 unused Assets to reduce memory usage. Loaded Objects now: 1926.
Total: 1.347800 ms (FindLiveObjects: 0.129200 ms CreateObjectMapping: 0.039300 ms MarkObjects: 1.167100 ms  DeleteObjects: 0.011400 ms)

========================================================================
Received Prepare
Registering precompiled user dll's ...
Registered in 0.000700 seconds.
Begin MonoManager ReloadAssembly
Native extension for WindowsStandalone target not found
Native extension for WebGL target not found
Refreshing native plugins compatible for Editor in 0.45 ms, found 0 plugins.
Preloading 0 native plugins for Editor in 0.00 ms.
Invoked RoslynAnalysisRunner static constructor.
RoslynAnalysisRunner will not be running.
RoslynAnalysisRunner has terminated.
Mono: successfully reloaded assembly
- Completed reload, in  0.707 seconds
Platform modules already initialized, skipping
Refreshing native plugins compatible for Editor in 0.25 ms, found 0 plugins.
Preloading 0 native plugins for Editor in 0.00 ms.
Unloading 1419 Unused Serialized files (Serialized files now loaded: 0)
System memory in use before: 73.1 MB.
System memory in use after: 73.2 MB.

Unloading 4 unused Assets to reduce memory usage. Loaded Objects now: 1929.
Total: 2.184400 ms (FindLiveObjects: 0.133100 ms CreateObjectMapping: 0.038700 ms MarkObjects: 1.999400 ms  DeleteObjects: 0.012100 ms)

========================================================================
Received Prepare
Registering precompiled user dll's ...
Registered in 0.000672 seconds.
Begin MonoManager ReloadAssembly
Native extension for WindowsStandalone target not found
Native extension for WebGL target not found
Refreshing native plugins compatible for Editor in 0.27 ms, found 0 plugins.
Preloading 0 native plugins for Editor in 0.00 ms.
Invoked RoslynAnalysisRunner static constructor.
RoslynAnalysisRunner will not be running.
RoslynAnalysisRunner has terminated.
Mono: successfully reloaded assembly
- Completed reload, in  1.020 seconds
Platform modules already initialized, skipping
Refreshing native plugins compatible for Editor in 0.26 ms, found 0 plugins.
Preloading 0 native plugins for Editor in 0.00 ms.
Unloading 1419 Unused Serialized files (Serialized files now loaded: 0)
System memory in use before: 73.1 MB.
System memory in use after: 73.2 MB.

Unloading 4 unused Assets to reduce memory usage. Loaded Objects now: 1932.
Total: 1.350700 ms (FindLiveObjects: 0.147600 ms CreateObjectMapping: 0.042500 ms MarkObjects: 1.147400 ms  DeleteObjects: 0.012100 ms)

========================================================================
Received Prepare
Registering precompiled user dll's ...
Registered in 0.000695 seconds.
Begin MonoManager ReloadAssembly
Native extension for WindowsStandalone target not found
Native extension for WebGL target not found
Refreshing native plugins compatible for Editor in 0.26 ms, found 0 plugins.
Preloading 0 native plugins for Editor in 0.00 ms.
Invoked RoslynAnalysisRunner static constructor.
RoslynAnalysisRunner will not be running.
RoslynAnalysisRunner has terminated.
Mono: successfully reloaded assembly
- Completed reload, in  0.732 seconds
Platform modules already initialized, skipping
Refreshing native plugins compatible for Editor in 0.26 ms, found 0 plugins.
Preloading 0 native plugins for Editor in 0.00 ms.
Unloading 1419 Unused Serialized files (Serialized files now loaded: 0)
System memory in use before: 73.1 MB.
System memory in use after: 73.2 MB.

Unloading 4 unused Assets to reduce memory usage. Loaded Objects now: 1935.
Total: 1.389200 ms (FindLiveObjects: 0.133600 ms CreateObjectMapping: 0.046300 ms MarkObjects: 1.195900 ms  DeleteObjects: 0.012500 ms)

========================================================================
Received Prepare
Registering precompiled user dll's ...
Registered in 0.000689 seconds.
Begin MonoManager ReloadAssembly
Native extension for WindowsStandalone target not found
Native extension for WebGL target not found
Refreshing native plugins compatible for Editor in 0.27 ms, found 0 plugins.
Preloading 0 native plugins for Editor in 0.00 ms.
Invoked RoslynAnalysisRunner static constructor.
RoslynAnalysisRunner will not be running.
RoslynAnalysisRunner has terminated.
Mono: successfully reloaded assembly
- Completed reload, in  1.130 seconds
Platform modules already initialized, skipping
Refreshing native plugins compatible for Editor in 0.28 ms, found 0 plugins.
Preloading 0 native plugins for Editor in 0.00 ms.
Unloading 1419 Unused Serialized files (Serialized files now loaded: 0)
System memory in use before: 73.1 MB.
System memory in use after: 73.2 MB.

Unloading 4 unused Assets to reduce memory usage. Loaded Objects now: 1938.
Total: 1.381100 ms (FindLiveObjects: 0.164600 ms CreateObjectMapping: 0.042700 ms MarkObjects: 1.160900 ms  DeleteObjects: 0.011600 ms)

========================================================================
Received Prepare
Registering precompiled user dll's ...
Registered in 0.000654 seconds.
Begin MonoManager ReloadAssembly
Native extension for WindowsStandalone target not found
Native extension for WebGL target not found
Refreshing native plugins compatible for Editor in 0.27 ms, found 0 plugins.
Preloading 0 native plugins for Editor in 0.00 ms.
Invoked RoslynAnalysisRunner static constructor.
RoslynAnalysisRunner will not be running.
RoslynAnalysisRunner has terminated.
Mono: successfully reloaded assembly
- Completed reload, in  0.960 seconds
Platform modules already initialized, skipping
Refreshing native plugins compatible for Editor in 0.25 ms, found 0 plugins.
Preloading 0 native plugins for Editor in 0.00 ms.
Unloading 1419 Unused Serialized files (Serialized files now loaded: 0)
System memory in use before: 73.1 MB.
System memory in use after: 73.2 MB.

Unloading 4 unused Assets to reduce memory usage. Loaded Objects now: 1941.
Total: 1.405300 ms (FindLiveObjects: 0.184300 ms CreateObjectMapping: 0.046600 ms MarkObjects: 1.163200 ms  DeleteObjects: 0.010300 ms)

========================================================================
Received Prepare
Registering precompiled user dll's ...
Registered in 0.000660 seconds.
Begin MonoManager ReloadAssembly
Native extension for WindowsStandalone target not found
Native extension for WebGL target not found
Refreshing native plugins compatible for Editor in 0.27 ms, found 0 plugins.
Preloading 0 native plugins for Editor in 0.00 ms.
Invoked RoslynAnalysisRunner static constructor.
RoslynAnalysisRunner will not be running.
RoslynAnalysisRunner has terminated.
Mono: successfully reloaded assembly
- Completed reload, in  1.230 seconds
Platform modules already initialized, skipping
Refreshing native plugins compatible for Editor in 0.26 ms, found 0 plugins.
Preloading 0 native plugins for Editor in 0.00 ms.
Unloading 1419 Unused Serialized files (Serialized files now loaded: 0)
System memory in use before: 73.1 MB.
System memory in use after: 73.2 MB.

Unloading 4 unused Assets to reduce memory usage. Loaded Objects now: 1944.
Total: 1.487900 ms (FindLiveObjects: 0.142000 ms CreateObjectMapping: 0.042400 ms MarkObjects: 1.275900 ms  DeleteObjects: 0.026700 ms)

========================================================================
Received Prepare
Registering precompiled user dll's ...
Registered in 0.000709 seconds.
Begin MonoManager ReloadAssembly
Native extension for WindowsStandalone target not found
Native extension for WebGL target not found
Refreshing native plugins compatible for Editor in 0.26 ms, found 0 plugins.
Preloading 0 native plugins for Editor in 0.00 ms.
Invoked RoslynAnalysisRunner static constructor.
RoslynAnalysisRunner will not be running.
RoslynAnalysisRunner has terminated.
Mono: successfully reloaded assembly
- Completed reload, in  0.703 seconds
Platform modules already initialized, skipping
Refreshing native plugins compatible for Editor in 0.25 ms, found 0 plugins.
Preloading 0 native plugins for Editor in 0.00 ms.
Unloading 1419 Unused Serialized files (Serialized files now loaded: 0)
System memory in use before: 73.1 MB.
System memory in use after: 73.2 MB.

Unloading 4 unused Assets to reduce memory usage. Loaded Objects now: 1947.
Total: 1.660400 ms (FindLiveObjects: 0.369600 ms CreateObjectMapping: 0.101500 ms MarkObjects: 1.176600 ms  DeleteObjects: 0.011700 ms)

========================================================================
Received Prepare
Registering precompiled user dll's ...
Registered in 0.000847 seconds.
Begin MonoManager ReloadAssembly
Native extension for WindowsStandalone target not found
Native extension for WebGL target not found
Refreshing native plugins compatible for Editor in 0.40 ms, found 0 plugins.
Preloading 0 native plugins for Editor in 0.00 ms.
Invoked RoslynAnalysisRunner static constructor.
RoslynAnalysisRunner will not be running.
RoslynAnalysisRunner has terminated.
Mono: successfully reloaded assembly
- Completed reload, in  0.693 seconds
Platform modules already initialized, skipping
Refreshing native plugins compatible for Editor in 0.54 ms, found 0 plugins.
Preloading 0 native plugins for Editor in 0.00 ms.
Unloading 1419 Unused Serialized files (Serialized files now loaded: 0)
System memory in use before: 73.1 MB.
System memory in use after: 73.2 MB.

Unloading 4 unused Assets to reduce memory usage. Loaded Objects now: 1950.
Total: 1.380600 ms (FindLiveObjects: 0.134100 ms CreateObjectMapping: 0.038600 ms MarkObjects: 1.196100 ms  DeleteObjects: 0.010700 ms)

========================================================================
Received Import Request.
  Time since last request: 965.548142 seconds.
  path: Assets/Samples/Interface/Mira.png
  artifactKey: Guid(d96dee7a2df616446b11adc5e1f13b2c) Importer(815301076,1909f56bfc062723c751e8b465ee728b)
Start importing Assets/Samples/Interface/Mira.png using Guid(d96dee7a2df616446b11adc5e1f13b2c) Importer(815301076,1909f56bfc062723c751e8b465ee728b)  -> (artifact id: '47be1a2f08069af597cf83c9511534f1') in 0.030118 seconds
  Import took 0.032246 seconds .

========================================================================
Received Import Request.
  Time since last request: 0.006408 seconds.
  path: Assets/Samples/Interface/Mira.png
  artifactKey: Guid(d96dee7a2df616446b11adc5e1f13b2c) Importer(815301076,1909f56bfc062723c751e8b465ee728b)
Start importing Assets/Samples/Interface/Mira.png using Guid(d96dee7a2df616446b11adc5e1f13b2c) Importer(815301076,1909f56bfc062723c751e8b465ee728b)  -> (artifact id: '47be1a2f08069af597cf83c9511534f1') in 0.008915 seconds
  Import took 0.012438 seconds .

========================================================================
Received Import Request.
  Time since last request: 19.573310 seconds.
  path: Assets/Samples/Interface/Botao_Amarelo01.png
  artifactKey: Guid(ba921fe526b9b5846997ef25ae16aa65) Importer(815301076,1909f56bfc062723c751e8b465ee728b)
Start importing Assets/Samples/Interface/Botao_Amarelo01.png using Guid(ba921fe526b9b5846997ef25ae16aa65) Importer(815301076,1909f56bfc062723c751e8b465ee728b)  -> (artifact id: '31feef537fb68c80678ac60790b75440') in 0.016771 seconds
  Import took 0.020670 seconds .

========================================================================
Received Import Request.
  Time since last request: 0.000307 seconds.
  path: Assets/Samples/Interface/Botao_Azul01.png
  artifactKey: Guid(79c4ab2235aa6cb4e8169d720319d8e2) Importer(815301076,1909f56bfc062723c751e8b465ee728b)
Start importing Assets/Samples/Interface/Botao_Azul01.png using Guid(79c4ab2235aa6cb4e8169d720319d8e2) Importer(815301076,1909f56bfc062723c751e8b465ee728b)  -> (artifact id: 'e41a7e0540dc8d5533d5624de9d33bc5') in 0.015432 seconds
  Import took 0.017616 seconds .

========================================================================
Received Import Request.
  Time since last request: 0.000039 seconds.
  path: Assets/Samples/Interface/Botao_Amarelo03.png
  artifactKey: Guid(d3baee2fc3ca4494a8b4470043accff5) Importer(815301076,1909f56bfc062723c751e8b465ee728b)
Start importing Assets/Samples/Interface/Botao_Amarelo03.png using Guid(d3baee2fc3ca4494a8b4470043accff5) Importer(815301076,1909f56bfc062723c751e8b465ee728b)  -> (artifact id: 'f4323ab04fe11253bf05c72adb87629b') in 0.012810 seconds
  Import took 0.015601 seconds .

========================================================================
Received Import Request.
  Time since last request: 0.000223 seconds.
  path: Assets/Samples/Interface/Botao_Amarelo01.png
  artifactKey: Guid(ba921fe526b9b5846997ef25ae16aa65) Importer(815301076,1909f56bfc062723c751e8b465ee728b)
Start importing Assets/Samples/Interface/Botao_Amarelo01.png using Guid(ba921fe526b9b5846997ef25ae16aa65) Importer(815301076,1909f56bfc062723c751e8b465ee728b)  -> (artifact id: '31feef537fb68c80678ac60790b75440') in 0.018147 seconds
  Import took 0.020670 seconds .

========================================================================
Received Import Request.
  Time since last request: 0.000204 seconds.
  path: Assets/Samples/Interface/Botao_Amarelo02.png
  artifactKey: Guid(ee156cd4017288b4b8b0aae3ed5acf70) Importer(815301076,1909f56bfc062723c751e8b465ee728b)
Start importing Assets/Samples/Interface/Botao_Amarelo02.png using Guid(ee156cd4017288b4b8b0aae3ed5acf70) Importer(815301076,1909f56bfc062723c751e8b465ee728b)  -> (artifact id: 'f5c5048b29a5652b7a5600fb14bbd60b') in 0.013620 seconds
  Import took 0.016102 seconds .

========================================================================
Received Import Request.
  Time since last request: 0.000201 seconds.
  path: Assets/Samples/Interface/Botao_Amarelo04.png
  artifactKey: Guid(c6dc66ae74695a742b332a23f264a7f8) Importer(815301076,1909f56bfc062723c751e8b465ee728b)
Start importing Assets/Samples/Interface/Botao_Amarelo04.png using Guid(c6dc66ae74695a742b332a23f264a7f8) Importer(815301076,1909f56bfc062723c751e8b465ee728b)  -> (artifact id: '74d0a51dfca93777bd1ca01c8872f682') in 0.015028 seconds
  Import took 0.017357 seconds .

========================================================================
Received Import Request.
  Time since last request: 1.260532 seconds.
  path: Assets/Samples/Interface/Botao_Laranja03.png
  artifactKey: Guid(f0ba9b568c3479a4f872fabafe578d64) Importer(815301076,1909f56bfc062723c751e8b465ee728b)
Start importing Assets/Samples/Interface/Botao_Laranja03.png using Guid(f0ba9b568c3479a4f872fabafe578d64) Importer(815301076,1909f56bfc062723c751e8b465ee728b)  -> (artifact id: '1543a317644b217dca2be6939e4055be') in 0.033208 seconds
  Import took 0.039528 seconds .

========================================================================
Received Import Request.
  Time since last request: 0.000049 seconds.
  path: Assets/Samples/Interface/Botao_Laranja04.png
  artifactKey: Guid(19d6adf7fe1c05846af00ac276e9ca01) Importer(815301076,1909f56bfc062723c751e8b465ee728b)
Start importing Assets/Samples/Interface/Botao_Laranja04.png using Guid(19d6adf7fe1c05846af00ac276e9ca01) Importer(815301076,1909f56bfc062723c751e8b465ee728b)  -> (artifact id: '4fc914e5b2c7bcc86926e144f9e89a9c') in 0.027429 seconds
  Import took 0.029466 seconds .

========================================================================
Received Import Request.
  Time since last request: 0.293158 seconds.
  path: Assets/Samples/Interface/Caveira.png
  artifactKey: Guid(ccd82342a0dca2a49825492d41fd0e5d) Importer(815301076,1909f56bfc062723c751e8b465ee728b)
Start importing Assets/Samples/Interface/Caveira.png using Guid(ccd82342a0dca2a49825492d41fd0e5d) Importer(815301076,1909f56bfc062723c751e8b465ee728b)  -> (artifact id: 'b6d49540be889dd38c14a7c03ecd7dbd') in 0.057499 seconds
  Import took 0.063302 seconds .

========================================================================
Received Import Request.
  Time since last request: 0.000188 seconds.
  path: Assets/Samples/Texturas/Corpos/Corpo_02.png
  artifactKey: Guid(d361e626f294f2e4f834ec3cc61758ab) Importer(815301076,1909f56bfc062723c751e8b465ee728b)
Start importing Assets/Samples/Texturas/Corpos/Corpo_02.png using Guid(d361e626f294f2e4f834ec3cc61758ab) Importer(815301076,1909f56bfc062723c751e8b465ee728b)  -> (artifact id: '185bdfc4c93445a4c041634b8b87eed2') in 0.009329 seconds
  Import took 0.011312 seconds .

========================================================================
Received Import Request.
  Time since last request: 0.000209 seconds.
  path: Assets/Samples/Texturas/Corpos/Corpo_03.png
  artifactKey: Guid(c1f52c4ae99ce5b43a14ded45027c7dd) Importer(815301076,1909f56bfc062723c751e8b465ee728b)
Start importing Assets/Samples/Texturas/Corpos/Corpo_03.png using Guid(c1f52c4ae99ce5b43a14ded45027c7dd) Importer(815301076,1909f56bfc062723c751e8b465ee728b)  -> (artifact id: '4bb161b8e650a7945c484a0e81295a5a') in 0.006688 seconds
  Import took 0.009150 seconds .

========================================================================
Received Import Request.
  Time since last request: 0.000205 seconds.
  path: Assets/Samples/Texturas/Cenario.png
  artifactKey: Guid(4ff1af79d71131d4baa930635e93b073) Importer(815301076,1909f56bfc062723c751e8b465ee728b)
Start importing Assets/Samples/Texturas/Cenario.png using Guid(4ff1af79d71131d4baa930635e93b073) Importer(815301076,1909f56bfc062723c751e8b465ee728b)  -> (artifact id: '29b655340c636ecabd7ea444964fec7a') in 0.007055 seconds
  Import took 0.009326 seconds .

========================================================================
Received Import Request.
  Time since last request: 0.000198 seconds.
  path: Assets/Samples/Texturas/Corpos/Corpo_01.png
  artifactKey: Guid(f99b2a52314de76448f7285c9783ed91) Importer(815301076,1909f56bfc062723c751e8b465ee728b)
Start importing Assets/Samples/Texturas/Corpos/Corpo_01.png using Guid(f99b2a52314de76448f7285c9783ed91) Importer(815301076,1909f56bfc062723c751e8b465ee728b)  -> (artifact id: 'cea5bd4141fa8e91af977b2bfeedc32b') in 0.011769 seconds
  Import took 0.014399 seconds .

========================================================================
Received Import Request.
  Time since last request: 0.203178 seconds.
  path: Assets/Samples/Texturas/Corpos/Corpo_04.png
  artifactKey: Guid(9e44986f16c307f45b80d0c9d282299b) Importer(815301076,1909f56bfc062723c751e8b465ee728b)
Start importing Assets/Samples/Texturas/Corpos/Corpo_04.png using Guid(9e44986f16c307f45b80d0c9d282299b) Importer(815301076,1909f56bfc062723c751e8b465ee728b)  -> (artifact id: '9758aa160fe283d98157eeb8e79442d9') in 0.006899 seconds
  Import took 0.009236 seconds .

========================================================================
Received Import Request.
  Time since last request: 0.095797 seconds.
  path: Assets/Samples/Texturas/Personagens/Personagem_Cacador.png
  artifactKey: Guid(86f4eb568f641bc4caf79cb6beca8739) Importer(815301076,1909f56bfc062723c751e8b465ee728b)
Start importing Assets/Samples/Texturas/Personagens/Personagem_Cacador.png using Guid(86f4eb568f641bc4caf79cb6beca8739) Importer(815301076,1909f56bfc062723c751e8b465ee728b)  -> (artifact id: 'f070912f4b03c14bc0c150a8db3488e9') in 0.012039 seconds
  Import took 0.014359 seconds .

========================================================================
Received Import Request.
  Time since last request: 0.552956 seconds.
  path: Assets/Samples/Texturas/Personagens/Personagem_Construtor.png
  artifactKey: Guid(f7dd35384e233a344ade3ccc81aa1f10) Importer(815301076,1909f56bfc062723c751e8b465ee728b)
Start importing Assets/Samples/Texturas/Personagens/Personagem_Construtor.png using Guid(f7dd35384e233a344ade3ccc81aa1f10) Importer(815301076,1909f56bfc062723c751e8b465ee728b)  -> (artifact id: '33b47c2595cfd36357bd701cdc5c598e') in 0.010261 seconds
  Import took 0.013719 seconds .

========================================================================
Received Import Request.
  Time since last request: 0.000247 seconds.
  path: Assets/Samples/Texturas/Personagens/Personagem_Empresario.png
  artifactKey: Guid(6ab68334279b7a44caf244340a714929) Importer(815301076,1909f56bfc062723c751e8b465ee728b)
Start importing Assets/Samples/Texturas/Personagens/Personagem_Empresario.png using Guid(6ab68334279b7a44caf244340a714929) Importer(815301076,1909f56bfc062723c751e8b465ee728b)  -> (artifact id: 'd347bd49ae78f032356b97e4190f865e') in 0.010389 seconds
  Import took 0.012379 seconds .

========================================================================
Received Prepare
Registering precompiled user dll's ...
Registered in 0.000708 seconds.
Begin MonoManager ReloadAssembly
Native extension for WindowsStandalone target not found
Native extension for WebGL target not found
Refreshing native plugins compatible for Editor in 0.29 ms, found 0 plugins.
Preloading 0 native plugins for Editor in 0.00 ms.
Invoked RoslynAnalysisRunner static constructor.
RoslynAnalysisRunner will not be running.
RoslynAnalysisRunner has terminated.
Mono: successfully reloaded assembly
- Completed reload, in  0.804 seconds
Platform modules already initialized, skipping
Refreshing native plugins compatible for Editor in 0.35 ms, found 0 plugins.
Preloading 0 native plugins for Editor in 0.00 ms.
Unloading 1419 Unused Serialized files (Serialized files now loaded: 0)
System memory in use before: 76.2 MB.
System memory in use after: 76.4 MB.

Unloading 4 unused Assets to reduce memory usage. Loaded Objects now: 1960.
Total: 6.905900 ms (FindLiveObjects: 0.352400 ms CreateObjectMapping: 0.073100 ms MarkObjects: 6.465100 ms  DeleteObjects: 0.013500 ms)

========================================================================
Received Import Request.
  Time since last request: 13.468295 seconds.
  path: Assets/Samples/Interface/Mira.png
  artifactKey: Guid(d96dee7a2df616446b11adc5e1f13b2c) Importer(815301076,1909f56bfc062723c751e8b465ee728b)
Start importing Assets/Samples/Interface/Mira.png using Guid(d96dee7a2df616446b11adc5e1f13b2c) Importer(815301076,1909f56bfc062723c751e8b465ee728b)  -> (artifact id: '93ff451ee346ca09c7976f646516b1fd') in 0.042932 seconds
  Import took 0.047063 seconds .

========================================================================
Received Prepare
Registering precompiled user dll's ...
Registered in 0.000667 seconds.
Begin MonoManager ReloadAssembly
Native extension for WindowsStandalone target not found
Native extension for WebGL target not found
Refreshing native plugins compatible for Editor in 0.25 ms, found 0 plugins.
Preloading 0 native plugins for Editor in 0.00 ms.
Invoked RoslynAnalysisRunner static constructor.
RoslynAnalysisRunner will not be running.
RoslynAnalysisRunner has terminated.
Mono: successfully reloaded assembly
- Completed reload, in  0.707 seconds
Platform modules already initialized, skipping
Refreshing native plugins compatible for Editor in 0.55 ms, found 0 plugins.
Preloading 0 native plugins for Editor in 0.00 ms.
Unloading 1419 Unused Serialized files (Serialized files now loaded: 0)
System memory in use before: 76.3 MB.
System memory in use after: 76.4 MB.

Unloading 4 unused Assets to reduce memory usage. Loaded Objects now: 1963.
Total: 1.334700 ms (FindLiveObjects: 0.136300 ms CreateObjectMapping: 0.042100 ms MarkObjects: 1.144600 ms  DeleteObjects: 0.010600 ms)

========================================================================
Received Import Request.
  Time since last request: 268.033642 seconds.
  path: Assets/Samples/Texturas/Personagens/Personagem_Explorador.png
  artifactKey: Guid(383281580c79a0e4e8408a9afe11ad43) Importer(815301076,1909f56bfc062723c751e8b465ee728b)
Start importing Assets/Samples/Texturas/Personagens/Personagem_Explorador.png using Guid(383281580c79a0e4e8408a9afe11ad43) Importer(815301076,1909f56bfc062723c751e8b465ee728b)  -> (artifact id: '9e9e32d9c30a032fc388c21b3db2fcf5') in 0.037834 seconds
  Import took 0.041808 seconds .

========================================================================
Received Import Request.
  Time since last request: 0.000267 seconds.
  path: Assets/Samples/Texturas/Personagens/Personagem_Fazendeiro.png
  artifactKey: Guid(54d1f54ae06f3704f81013c74418b60e) Importer(815301076,1909f56bfc062723c751e8b465ee728b)
Start importing Assets/Samples/Texturas/Personagens/Personagem_Fazendeiro.png using Guid(54d1f54ae06f3704f81013c74418b60e) Importer(815301076,1909f56bfc062723c751e8b465ee728b)  -> (artifact id: '44d92d7886679c45d1d3a25027ffe8f5') in 0.012211 seconds
  Import took 0.015281 seconds .

========================================================================
Received Import Request.
  Time since last request: 626.905644 seconds.
  path: Assets/Samples/Modelos3D/Personagens/Animacoes/Animacoes.fbx
  artifactKey: Guid(d55a3dafe23105e409ee70d6605cbd49) Importer(815301076,1909f56bfc062723c751e8b465ee728b)
Start importing Assets/Samples/Modelos3D/Personagens/Animacoes/Animacoes.fbx using Guid(d55a3dafe23105e409ee70d6605cbd49) Importer(815301076,1909f56bfc062723c751e8b465ee728b)  -> (artifact id: 'fa7f60f3e383b6c75564edb84401ec9f') in 0.022888 seconds
  Import took 0.025544 seconds .

========================================================================
Received Import Request.
  Time since last request: 0.014117 seconds.
  path: Assets/Samples/Modelos3D/Personagens/Animacoes/Animacoes.fbx
  artifactKey: Guid(d55a3dafe23105e409ee70d6605cbd49) Importer(815301076,1909f56bfc062723c751e8b465ee728b)
Start importing Assets/Samples/Modelos3D/Personagens/Animacoes/Animacoes.fbx using Guid(d55a3dafe23105e409ee70d6605cbd49) Importer(815301076,1909f56bfc062723c751e8b465ee728b)  -> (artifact id: 'fa7f60f3e383b6c75564edb84401ec9f') in 0.004853 seconds
  Import took 0.007118 seconds .

========================================================================
Received Prepare
Registering precompiled user dll's ...
Registered in 0.000777 seconds.
Begin MonoManager ReloadAssembly
Native extension for WindowsStandalone target not found
Native extension for WebGL target not found
Refreshing native plugins compatible for Editor in 0.26 ms, found 0 plugins.
Preloading 0 native plugins for Editor in 0.00 ms.
Invoked RoslynAnalysisRunner static constructor.
RoslynAnalysisRunner will not be running.
RoslynAnalysisRunner has terminated.
Mono: successfully reloaded assembly
- Completed reload, in  0.939 seconds
Platform modules already initialized, skipping
Refreshing native plugins compatible for Editor in 0.26 ms, found 0 plugins.
Preloading 0 native plugins for Editor in 0.00 ms.
Unloading 1419 Unused Serialized files (Serialized files now loaded: 0)
System memory in use before: 76.2 MB.
System memory in use after: 76.4 MB.

Unloading 4 unused Assets to reduce memory usage. Loaded Objects now: 1966.
Total: 1.337100 ms (FindLiveObjects: 0.129500 ms CreateObjectMapping: 0.036700 ms MarkObjects: 1.159000 ms  DeleteObjects: 0.011100 ms)

AssetImportWorkerClient::OnTransportError - code=2 error=End of file
